build/app/outputs/mapping/release/seeds.txt
co.appbrewery.micard.MainActivity
co.appbrewery.micard.MainActivity: MainActivity()
...
io.flutter.view.AccessibilityViewEmbedder: boolean requestSendAccessibilityEvent(android.view.View,android.view.View,android.view.accessibility.AccessibilityEvent)
io.flutter.embedding.engine.renderer.SurfaceTextureWrapper: void attachToGLContext(int)
io.flutter.embedding.android.FlutterImageView: io.flutter.embedding.engine.renderer.FlutterRenderer getAttachedRenderer()
androidx.lifecycle.Lifecycle$Event: androidx.lifecycle.Lifecycle$Event valueOf(java.lang.String)
io.flutter.plugin.platform.SingleViewPresentation: void onCreate(android.os.Bundle)
io.flutter.embedding.engine.FlutterJNI: boolean nativeFlutterTextUtilsIsVariationSelector(int)
io.flutter.embedding.engine.FlutterJNI: void nativeMarkTextureFrameAvailable(long,long)
io.flutter.embedding.engine.FlutterJNI: void updateCustomAccessibilityActions(java.nio.ByteBuffer,java.lang.String[])
io.flutter.embedding.engine.FlutterJNI: void nativeSetViewportMetrics(long,float,int,int,int,int,int,int,int,int,int,int,int,int,int,int,int)
io.flutter.plugin.editing.ImeSyncDeferringInsetsCallback: android.view.WindowInsets access$400(io.flutter.plugin.editing.ImeSyncDeferringInsetsCallback)
io.flutter.embedding.engine.FlutterJNI: void invokePlatformMessageResponseCallback(int,java.nio.ByteBuffer,int)
io.flutter.embedding.engine.FlutterJNI: void onDisplayOverlaySurface(int,int,int,int,int)
io.flutter.embedding.engine.FlutterJNI: void nativePrefetchDefaultFontManager()
io.flutter.embedding.engine.systemchannels.TextInputChannel$TextCapitalization: io.flutter.embedding.engine.systemchannels.TextInputChannel$TextCapitalization valueOf(java.lang.String)
io.flutter.embedding.engine.FlutterOverlaySurface: int getId()
io.flutter.embedding.engine.systemchannels.PlatformChannel$SystemUiOverlay: io.flutter.embedding.engine.systemchannels.PlatformChannel$SystemUiOverlay valueOf(java.lang.String)
androidx.core.app.RemoteActionCompat: RemoteActionCompat()
io.flutter.plugins.GeneratedPluginRegistrant: GeneratedPluginRegistrant()
io.flutter.embedding.android.FlutterActivityLaunchConfigs$BackgroundMode: io.flutter.embedding.android.FlutterActivityLaunchConfigs$BackgroundMode valueOf(java.lang.String)
io.flutter.embedding.android.FlutterImageView$SurfaceKind: io.flutter.embedding.android.FlutterImageView$SurfaceKind valueOf(java.lang.String)
io.flutter.embedding.engine.mutatorsstack.FlutterMutatorsStack: java.util.List getMutators()
io.flutter.embedding.engine.mutatorsstack.FlutterMutatorsStack$FlutterMutatorType: io.flutter.embedding.engine.mutatorsstack.FlutterMutatorsStack$FlutterMutatorType valueOf(java.lang.String)
io.flutter.embedding.engine.systemchannels.PlatformChannel$Brightness: io.flutter.embedding.engine.systemchannels.PlatformChannel$Brightness valueOf(java.lang.String)
io.flutter.embedding.engine.FlutterJNI: void runBundleAndSnapshotFromLibrary(java.lang.String,java.lang.String,java.lang.String,android.content.res.AssetManager)
androidx.core.graphics.drawable.IconCompatParcelizer: IconCompatParcelizer()
io.flutter.embedding.engine.mutatorsstack.FlutterMutatorsStack: void pushTransform(float[])
android.support.v4.app.RemoteActionCompatParcelizer: androidx.core.app.RemoteActionCompat read(androidx.versionedparcelable.VersionedParcel)
io.flutter.plugin.editing.ImeSyncDeferringInsetsCallback: android.view.View access$600(io.flutter.plugin.editing.ImeSyncDeferringInsetsCallback)
androidx.core.app.RemoteActionCompatParcelizer: RemoteActionCompatParcelizer()
io.flutter.plugin.editing.ImeSyncDeferringInsetsCallback: boolean access$202(io.flutter.plugin.editing.ImeSyncDeferringInsetsCallback,boolean)
io.flutter.embedding.engine.FlutterJNI: void nativeNotifyLowMemoryWarning(long)
io.flutter.plugin.editing.ImeSyncDeferringInsetsCallback$AnimationCallback: ImeSyncDeferringInsetsCallback$AnimationCallback(io.flutter.plugin.editing.ImeSyncDeferringInsetsCallback)