build/app/outputs/mapping/release/mapping.txt
# compiler: R8
# compiler_version: 3.0.64
# min_api: 16
# pg_map_id: 498f866
# common_typos_disable
...
io.flutter.embedding.android.ExclusiveAppComponent -> io.flutter.embedding.android.c:
    void detachFromFlutterEngine() -> b
    java.lang.Object getAppComponent() -> c
io.flutter.embedding.android.FlutterActivity -> io.flutter.embedding.android.d:
    io.flutter.embedding.android.FlutterActivityAndFragmentDelegate delegate -> a
    int FLUTTER_VIEW_ID -> c
    androidx.lifecycle.LifecycleRegistry lifecycle -> b
    void onFlutterSurfaceViewCreated(io.flutter.embedding.android.FlutterSurfaceView) -> A
    void configureStatusBarForFullscreenFlutterExperience() -> B
    void configureWindowForTransparency() -> C
    android.view.View createFlutterView() -> D
    io.flutter.embedding.android.FlutterActivityLaunchConfigs$BackgroundMode getBackgroundMode() -> E
    io.flutter.embedding.engine.FlutterEngine getFlutterEngine() -> F
    android.os.Bundle getMetaData() -> G
    android.graphics.drawable.Drawable getSplashScreenFromManifest() -> H
    boolean isDebuggable() -> I
    void release() -> J
    boolean stillAttachedForEvent(java.lang.String) -> K
    void switchLaunchThemeForNormalTheme() -> L
    android.app.Activity getActivity() -> a
    void detachFromFlutterEngine() -> b
    boolean popSystemNavigator() -> c
    void onFlutterUiDisplayed() -> d
    androidx.lifecycle.Lifecycle getLifecycle() -> e
    void onFlutterUiNoLongerDisplayed() -> f
    java.lang.String getInitialRoute() -> g
    io.flutter.embedding.engine.FlutterShellArgs getFlutterShellArgs() -> h
    java.lang.String getAppBundlePath() -> k
    io.flutter.embedding.engine.FlutterEngine provideFlutterEngine(android.content.Context) -> l
io.flutter.embedding.android.FlutterActivityAndFragmentDelegate -> io.flutter.embedding.android.e:
    io.flutter.embedding.engine.renderer.FlutterUiDisplayListener flutterUiDisplayListener -> h
    io.flutter.plugin.platform.PlatformPlugin platformPlugin -> d
    android.view.ViewTreeObserver$OnPreDrawListener activePreDrawListener -> e
    io.flutter.embedding.android.FlutterView flutterView -> c
    io.flutter.embedding.engine.FlutterEngine flutterEngine -> b
    boolean isFlutterEngineFromHost -> f
    boolean isFlutterUiDisplayed -> g
    io.flutter.embedding.android.FlutterActivityAndFragmentDelegate$Host host -> a
    void onStop() -> A
    void onTrimMemory(int) -> B
    void onUserLeaveHint() -> C
    void release() -> D
    void setupFlutterEngine() -> E
    io.flutter.embedding.android.FlutterActivityAndFragmentDelegate$Host access$000(io.flutter.embedding.android.FlutterActivityAndFragmentDelegate) -> a
    void detachFromFlutterEngine() -> b
    java.lang.Object getAppComponent() -> c
    boolean access$100(io.flutter.embedding.android.FlutterActivityAndFragmentDelegate) -> d
    boolean access$102(io.flutter.embedding.android.FlutterActivityAndFragmentDelegate,boolean) -> e
    void delayFirstAndroidViewDraw(io.flutter.embedding.android.FlutterView) -> f
    void doInitialFlutterViewRun() -> g
    void ensureAlive() -> h
    android.app.Activity getAppComponent() -> i
    io.flutter.embedding.engine.FlutterEngine getFlutterEngine() -> j
io.flutter.embedding.android.FlutterActivityAndFragmentDelegate$1 -> io.flutter.embedding.android.e$a:
    io.flutter.embedding.android.FlutterActivityAndFragmentDelegate this$0 -> a
    void onFlutterUiDisplayed() -> d
    void onFlutterUiNoLongerDisplayed() -> f
io.flutter.embedding.android.FlutterActivityAndFragmentDelegate$2 -> io.flutter.embedding.android.e$b:
    io.flutter.embedding.android.FlutterView val$flutterView -> a
    io.flutter.embedding.android.FlutterActivityAndFragmentDelegate this$0 -> b