build/app/outputs/mapping/release/usage.txt
co.appbrewery.micard.BuildConfig
co.appbrewery.micard.R$attr
co.appbrewery.micard.R$color
co.appbrewery.micard.R$dimen
co.appbrewery.micard.R$drawable
co.appbrewery.micard.R$id
co.appbrewery.micard.R$integer
co.appbrewery.micard.R$layout
co.appbrewery.micard.R$mipmap
co.appbrewery.micard.R$string
co.appbrewery.micard.R$style
co.appbrewery.micard.R$styleable
co.appbrewery.micard.R
...
androidx.annotation.Nullable
androidx.annotation.PluralsRes
androidx.annotation.Px
androidx.annotation.RawRes
androidx.annotation.RequiresApi
androidx.annotation.RequiresFeature
androidx.annotation.RequiresPermission$Read
androidx.annotation.RequiresPermission$Write
androidx.annotation.RequiresPermission
androidx.annotation.RestrictTo$Scope
androidx.annotation.RestrictTo
androidx.annotation.Size
androidx.annotation.StringDef
androidx.annotation.StringRes
androidx.annotation.StyleRes
androidx.annotation.StyleableRes
androidx.annotation.TransitionRes
androidx.annotation.UiThread
androidx.annotation.VisibleForTesting
androidx.annotation.WorkerThread
androidx.annotation.XmlRes
androidx.arch.core.R
androidx.arch.core.executor.ArchTaskExecutor$1
androidx.arch.core.executor.ArchTaskExecutor$2
androidx.arch.core.executor.ArchTaskExecutor
androidx.arch.core.executor.DefaultTaskExecutor$1
androidx.arch.core.executor.DefaultTaskExecutor
androidx.arch.core.executor.TaskExecutor
androidx.arch.core.internal.FastSafeIterableMap:
    public java.util.Map$Entry ceil(java.lang.Object)
    public java.lang.Object putIfAbsent(java.lang.Object,java.lang.Object)
androidx.arch.core.internal.SafeIterableMap$Entry:
    void <init>(java.lang.Object,java.lang.Object)
androidx.arch.core.internal.SafeIterableMap:
    protected androidx.arch.core.internal.SafeIterableMap$Entry put(java.lang.Object,java.lang.Object)
    public java.lang.Object putIfAbsent(java.lang.Object,java.lang.Object)
androidx.arch.core.util.Function
androidx.collection.ArrayMap:
    public void <init>(int)
    public void <init>(androidx.collection.SimpleArrayMap)
    public boolean containsAll(java.util.Collection)
    public boolean removeAll(java.util.Collection)
    public boolean retainAll(java.util.Collection)
androidx.collection.ArraySet$1
androidx.collection.ArraySet
androidx.collection.CircularArray
androidx.collection.CircularIntArray
androidx.collection.ContainerHelpers:
    private void <init>()
    static int binarySearch(long[],int,long)
    public static int idealByteArraySize(int)
    public static int idealIntArraySize(int)
    public static int idealLongArraySize(int)
androidx.collection.LongSparseArray
androidx.collection.LruCache
androidx.collection.SimpleArrayMap:
    private static final int BASE_SIZE
    private static final int CACHE_SIZE
    private static final boolean CONCURRENT_MODIFICATION_EXCEPTIONS
    private static final boolean DEBUG
    private static final java.lang.String TAG
    public void <init>(int)
    public void <init>(androidx.collection.SimpleArrayMap)
    public void putAll(androidx.collection.SimpleArrayMap)
androidx.collection.SparseArrayCompat
androidx.core.R$attr
androidx.core.R$color
androidx.core.R$dimen
androidx.core.R$drawable
androidx.core.R$id
androidx.core.R$integer
androidx.core.R$layout
androidx.core.R$string
androidx.core.R$style
androidx.core.R$styleable
androidx.core.R
androidx.core.accessibilityservice.AccessibilityServiceInfoCompat
androidx.core.app.ActivityCompat$1
androidx.core.app.ActivityCompat$OnRequestPermissionsResultCallback
androidx.core.app.ActivityCompat$PermissionCompatDelegate
androidx.core.app.ActivityCompat$RequestPermissionsRequestCodeValidator
androidx.core.app.ActivityCompat$SharedElementCallback21Impl$1
androidx.core.app.ActivityCompat$SharedElementCallback21Impl
androidx.core.app.ActivityCompat
androidx.core.app.ActivityManagerCompat
androidx.core.app.ActivityOptionsCompat$ActivityOptionsCompatImpl
androidx.core.app.ActivityOptionsCompat
androidx.core.app.ActivityRecreator$1
androidx.core.app.ActivityRecreator$2
androidx.core.app.ActivityRecreator$3
androidx.core.app.ActivityRecreator$LifecycleCheckCallbacks
androidx.core.app.ActivityRecreator
androidx.core.app.AlarmManagerCompat
androidx.core.app.AppComponentFactory
androidx.core.app.AppLaunchChecker
androidx.core.app.AppOpsManagerCompat
androidx.core.app.BundleCompat$BundleCompatBaseImpl
androidx.core.app.BundleCompat